<?xml version="1.0" encoding="UTF-8" ?>
<testsuite failures="0" time="31.078" errors="0" skipped="0" tests="2" name="org.herban.categoryfilter.client.CategoryFilterTest">
  <properties>
    <property name="java.runtime.name" value="Java(TM) SE Runtime Environment"/>
    <property name="sun.boot.library.path" value="/usr/local/share/jdk1.6.0_20/jre/lib/i386"/>
    <property name="java.vm.version" value="16.3-b01"/>
    <property name="shared.loader" value="${catalina.base}/shared/classes,${catalina.base}/shared/lib/*.jar"/>
    <property name="java.vm.vendor" value="Sun Microsystems Inc."/>
    <property name="java.vendor.url" value="http://java.sun.com/"/>
    <property name="path.separator" value=":"/>
    <property name="java.vm.name" value="Java HotSpot(TM) Client VM"/>
    <property name="file.encoding.pkg" value="sun.io"/>
    <property name="user.country" value="DE"/>
    <property name="sun.java.launcher" value="SUN_STANDARD"/>
    <property name="sun.os.patch.level" value="unknown"/>
    <property name="java.vm.specification.name" value="Java Virtual Machine Specification"/>
    <property name="user.dir" value="/home/wohnzimmer/dev/categoryfilter"/>
    <property name="java.runtime.version" value="1.6.0_20-b02"/>
    <property name="java.awt.graphicsenv" value="sun.awt.X11GraphicsEnvironment"/>
    <property name="basedir" value="/home/wohnzimmer/dev/categoryfilter"/>
    <property name="java.endorsed.dirs" value="/usr/local/share/jdk1.6.0_20/jre/lib/endorsed"/>
    <property name="os.arch" value="i386"/>
    <property name="java.io.tmpdir" value="/tmp"/>
    <property name="line.separator" value="
"/>
    <property name="java.vm.specification.vendor" value="Sun Microsystems Inc."/>
    <property name="java.naming.factory.url.pkgs" value="org.apache.naming"/>
    <property name="os.name" value="Linux"/>
    <property name="sun.jnu.encoding" value="UTF-8"/>
    <property name="java.library.path" value="/usr/local/share/jdk1.6.0_20/jre/lib/i386/client:/usr/local/share/jdk1.6.0_20/jre/lib/i386:/usr/local/share/jdk1.6.0_20/jre/../lib/i386:/usr/java/packages/lib/i386:/lib:/usr/lib"/>
    <property name="gwt.args" value="-out target/www"/>
    <property name="java.specification.name" value="Java Platform API Specification"/>
    <property name="java.class.version" value="50.0"/>
    <property name="sun.management.compiler" value="HotSpot Client Compiler"/>
    <property name="os.version" value="2.6.32-23-generic"/>
    <property name="user.home" value="/home/wohnzimmer"/>
    <property name="user.timezone" value="Europe/Berlin"/>
    <property name="catalina.useNaming" value="true"/>
    <property name="java.awt.printerjob" value="sun.print.PSPrinterJob"/>
    <property name="java.specification.version" value="1.6"/>
    <property name="file.encoding" value="UTF-8"/>
    <property name="catalina.home" value="/home/wohnzimmer/dev/categoryfilter/tomcat"/>
    <property name="user.name" value="wohnzimmer"/>
    <property name="java.class.path" value="/home/wohnzimmer/.m2/repository/org/apache/maven/surefire/surefire-booter/2.4.3/surefire-booter-2.4.3.jar:/home/wohnzimmer/.m2/repository/org/apache/maven/surefire/surefire-api/2.4.3/surefire-api-2.4.3.jar:/home/wohnzimmer/dev/categoryfilter/target/test-classes:/home/wohnzimmer/dev/categoryfilter/target/www/WEB-INF/classes:/home/wohnzimmer/.m2/repository/com/google/gwt/gwt-servlet/2.0.3/gwt-servlet-2.0.3.jar:/home/wohnzimmer/.m2/repository/com/google/gwt/gwt-user/2.0.3/gwt-user-2.0.3.jar:/home/wohnzimmer/.m2/repository/com/google/gwt/gwt-dev/2.0.3/gwt-dev-2.0.3.jar:/home/wohnzimmer/.m2/repository/junit/junit/4.4/junit-4.4.jar:/home/wohnzimmer/.m2/repository/com/google/gwt/google-apis/gwt-visualization/1.0.2/gwt-visualization-1.0.2.jar:/home/wohnzimmer/dev/categoryfilter/src/main/java:/home/wohnzimmer/dev/categoryfilter/src/test/java"/>
    <property name="java.naming.factory.initial" value="org.apache.naming.java.javaURLContextFactory"/>
    <property name="package.definition" value="sun.,java.,org.apache.catalina.,org.apache.coyote.,org.apache.tomcat.,org.apache.jasper."/>
    <property name="java.vm.specification.version" value="1.0"/>
    <property name="sun.arch.data.model" value="32"/>
    <property name="java.home" value="/usr/local/share/jdk1.6.0_20/jre"/>
    <property name="java.specification.vendor" value="Sun Microsystems Inc."/>
    <property name="user.language" value="de"/>
    <property name="java.vm.info" value="mixed mode, sharing"/>
    <property name="java.version" value="1.6.0_20"/>
    <property name="java.ext.dirs" value="/usr/local/share/jdk1.6.0_20/jre/lib/ext:/usr/java/packages/lib/ext"/>
    <property name="sun.boot.class.path" value="/usr/local/share/jdk1.6.0_20/jre/lib/resources.jar:/usr/local/share/jdk1.6.0_20/jre/lib/rt.jar:/usr/local/share/jdk1.6.0_20/jre/lib/sunrsasign.jar:/usr/local/share/jdk1.6.0_20/jre/lib/jsse.jar:/usr/local/share/jdk1.6.0_20/jre/lib/jce.jar:/usr/local/share/jdk1.6.0_20/jre/lib/charsets.jar:/usr/local/share/jdk1.6.0_20/jre/classes"/>
    <property name="java.vendor" value="Sun Microsystems Inc."/>
    <property name="server.loader" value="${catalina.home}/server/classes,${catalina.home}/server/lib/*.jar"/>
    <property name="catalina.base" value="/home/wohnzimmer/dev/categoryfilter/tomcat"/>
    <property name="localRepository" value="/home/wohnzimmer/.m2/repository"/>
    <property name="file.separator" value="/"/>
    <property name="java.vendor.url.bug" value="http://java.sun.com/cgi-bin/bugreport.cgi"/>
    <property name="common.loader" value="${catalina.home}/common/classes,${catalina.home}/common/endorsed/*.jar,${catalina.home}/common/lib/*.jar"/>
    <property name="sun.cpu.endian" value="little"/>
    <property name="sun.io.unicode.encoding" value="UnicodeLittle"/>
    <property name="package.access" value="sun.,org.apache.catalina.,org.apache.coyote.,org.apache.tomcat.,org.apache.jasper.,sun.beans."/>
    <property name="sun.desktop" value="gnome"/>
    <property name="sun.cpu.isalist" value=""/>
    <property name="org.apache.commons.logging.Log" value="com.google.gwt.dev.shell.tomcat.CommonsLoggerAdapter"/>
  </properties>
  <testcase time="30.732" classname="org.herban.categoryfilter.client.CategoryFilterTest" name="testCategoryUnion"/>
  <testcase time="0.263" classname="org.herban.categoryfilter.client.CategoryFilterTest" name="testCategoryIntersection"/>
</testsuite>